#
# There is insufficient memory for the Java Runtime Environment to continue.
# Native memory allocation (mmap) failed to map 264241152 bytes. Error detail: G1 virtual space
# Possible reasons:
#   The system is out of physical RAM or swap space
#   This process is running with CompressedOops enabled, and the Java Heap may be blocking the growth of the native heap
# Possible solutions:
#   Reduce memory load on the system
#   Increase physical memory or swap space
#   Check if swap backing store is full
#   Decrease Java heap size (-Xmx/-Xms)
#   Decrease number of Java threads
#   Decrease Java thread stack sizes (-Xss)
#   Set larger code cache with -XX:ReservedCodeCacheSize=
#   JVM is running with Zero Based Compressed Oops mode in which the Java heap is
#     placed in the first 32GB address space. The Java Heap base address is the
#     maximum limit for the native heap growth. Please use -XX:HeapBaseMinAddress
#     to set the Java Heap base and to place the Java Heap above 32GB virtual address.
# This output file may be truncated or incomplete.
#
#  Out of Memory Error (os_windows.cpp:3686), pid=19052, tid=7308
#
# JRE version:  (21.0.6+7) (build )
# Java VM: OpenJDK 64-Bit Server VM (21.0.6+7-LTS, mixed mode, emulated-client, sharing, tiered, compressed oops, compressed class ptrs, g1 gc, windows-amd64)
# No core dump will be written. Minidumps are not enabled by default on client versions of Windows
#

---------------  S U M M A R Y ------------

Command Line: -Dcom.sun.management.jmxremote -Dcom.sun.management.jmxremote.port=62612 -Dcom.sun.management.jmxremote.authenticate=false -Dcom.sun.management.jmxremote.ssl=false -Djava.rmi.server.hostname=localhost -Dspring.jmx.enabled=true -Dmanagement.endpoints.jmx.exposure.include=* -Dspring.application.admin.enabled=true -Dspring.output.ansi.enabled=always -XX:TieredStopAtLevel=1 -Dspring.boot.project.name=DoranDoran -Dfile.encoding=UTF-8 -Dstdout.encoding=UTF-8 -Dstderr.encoding=UTF-8 -XX:+ShowCodeDetailsInExceptionMessages kr.ac.kopo.dorandoran.DoranDoranApplication

Host: 12th Gen Intel(R) Core(TM) i7-12700, 20 cores, 15G,  Windows 11 , 64 bit Build 26100 (10.0.26100.4202)
Time: Fri Jun 13 09:50:27 2025  Windows 11 , 64 bit Build 26100 (10.0.26100.4202) elapsed time: 1.316299 seconds (0d 0h 0m 1s)

---------------  T H R E A D  ---------------

Current thread (0x000001d9dc89d0a0):  JavaThread "Unknown thread" [_thread_in_vm, id=7308, stack(0x0000002c03a00000,0x0000002c03b00000) (1024K)]

Stack: [0x0000002c03a00000,0x0000002c03b00000]
Native frames: (J=compiled Java code, j=interpreted, Vv=VM code, C=native code)
V  [jvm.dll+0x6cdee9]
V  [jvm.dll+0x8a83d1]
V  [jvm.dll+0x8aa8fe]
V  [jvm.dll+0x8aafe3]
V  [jvm.dll+0x27f706]
V  [jvm.dll+0x6ca755]
V  [jvm.dll+0x6bea3a]
V  [jvm.dll+0x355d6a]
V  [jvm.dll+0x35d936]
V  [jvm.dll+0x3af58e]
V  [jvm.dll+0x3af838]
V  [jvm.dll+0x329efc]
V  [jvm.dll+0x32aa5b]
V  [jvm.dll+0x871639]
V  [jvm.dll+0x3bc361]
V  [jvm.dll+0x85a763]
V  [jvm.dll+0x45066e]
V  [jvm.dll+0x4522b1]
C  [jli.dll+0x5278]
C  [ucrtbase.dll+0x37b0]
C  [KERNEL32.DLL+0x2e8d7]
C  [ntdll.dll+0x3c34c]


---------------  P R O C E S S  ---------------

Threads class SMR info:
_java_thread_list=0x00007fffcc1da0c8, length=0, elements={
}

Java Threads: ( => current thread )
Total: 0

Other Threads:
  0x000001d9dc907240 WorkerThread "GC Thread#0"                     [id=9468, stack(0x0000002c03b00000,0x0000002c03c00000) (1024K)]
  0x000001d9dc917d30 ConcurrentGCThread "G1 Main Marker"            [id=7312, stack(0x0000002c03c00000,0x0000002c03d00000) (1024K)]
  0x000001d9dc918740 WorkerThread "G1 Conc#0"                       [id=12816, stack(0x0000002c03d00000,0x0000002c03e00000) (1024K)]

[error occurred during error reporting (printing all threads), id 0xc0000005, EXCEPTION_ACCESS_VIOLATION (0xc0000005) at pc=0x00007fffcb8dc827]
VM state: not at safepoint (not fully initialized)

VM Mutex/Monitor currently owned by a thread:  ([mutex/lock_event])
[0x00007fffcc24e480] Heap_lock - owner thread: 0x000001d9dc89d0a0

Heap address: 0x0000000704000000, size: 4032 MB, Compressed Oops mode: Zero based, Oop shift amount: 3

CDS archive(s) mapped at: [0x0000000000000000-0x0000000000000000-0x0000000000000000), size 0, SharedBaseAddress: 0x0000000800000000, ArchiveRelocationMode: 1.
Narrow klass base: 0x0000000000000000, Narrow klass shift: 0, Narrow klass range: 0x0

GC Precious Log:
 CardTable entry size: 512
 Card Set container configuration: InlinePtr #cards 4 size 8 Array Of Cards #cards 16 size 48 Howl #buckets 8 coarsen threshold 3686 Howl Bitmap #cards 512 size 80 coarsen threshold 460 Card regions per heap region 1 cards per card region 4096

Heap:
 garbage-first heap   total 0K, used 0K [0x0000000704000000, 0x0000000800000000)
  region size 2048K, 0 young (0K), 0 survivors (0K)

[error occurred during error reporting (printing heap information), id 0xc0000005, EXCEPTION_ACCESS_VIOLATION (0xc0000005) at pc=0x00007fffcbcc79b9]
GC Heap History (0 events):
No events

Dll operation events (1 events):
Event: 0.023 Loaded shared library D:\sts-4.28.1.RELEASE\sts-4.28.1.RELEASE\plugins\org.eclipse.justj.openjdk.hotspot.jre.full.win32.x86_64_21.0.6.v20250130-0529\jre\bin\java.dll

Deoptimization events (0 events):
No events

Classes loaded (0 events):
No events

Classes unloaded (0 events):
No events

Classes redefined (0 events):
No events

Internal exceptions (0 events):
No events

ZGC Phase Switch (0 events):
No events

VM Operations (0 events):
No events

Memory protections (0 events):
No events

Nmethod flushes (0 events):
No events

Events (0 events):
No events


Dynamic libraries:
0x00007ff67e150000 - 0x00007ff67e15e000 	D:\sts-4.28.1.RELEASE\sts-4.28.1.RELEASE\plugins\org.eclipse.justj.openjdk.hotspot.jre.full.win32.x86_64_21.0.6.v20250130-0529\jre\bin\javaw.exe
0x00007ff82d9e0000 - 0x00007ff82dc45000 	C:\Windows\SYSTEM32\ntdll.dll
0x00007ff82d440000 - 0x00007ff82d509000 	C:\Windows\System32\KERNEL32.DLL
0x00007ff82b2e0000 - 0x00007ff82b6c8000 	C:\Windows\System32\KERNELBASE.dll
0x00007ff82acb0000 - 0x00007ff82adfb000 	C:\Windows\System32\ucrtbase.dll
0x00007ffffce80000 - 0x00007ffffce9e000 	D:\sts-4.28.1.RELEASE\sts-4.28.1.RELEASE\plugins\org.eclipse.justj.openjdk.hotspot.jre.full.win32.x86_64_21.0.6.v20250130-0529\jre\bin\VCRUNTIME140.dll
0x00007ffff7380000 - 0x00007ffff7398000 	D:\sts-4.28.1.RELEASE\sts-4.28.1.RELEASE\plugins\org.eclipse.justj.openjdk.hotspot.jre.full.win32.x86_64_21.0.6.v20250130-0529\jre\bin\jli.dll
0x00007ff82d670000 - 0x00007ff82d83a000 	C:\Windows\System32\USER32.dll
0x00007ff82b130000 - 0x00007ff82b157000 	C:\Windows\System32\win32u.dll
0x00007ff82c250000 - 0x00007ff82c27b000 	C:\Windows\System32\GDI32.dll
0x00007ff82aea0000 - 0x00007ff82afd7000 	C:\Windows\System32\gdi32full.dll
0x00007ff82b6d0000 - 0x00007ff82b773000 	C:\Windows\System32\msvcp_win.dll
0x00007ff810820000 - 0x00007ff810aba000 	C:\Windows\WinSxS\amd64_microsoft.windows.common-controls_6595b64144ccf1df_6.0.26100.4202_none_3e0698d4e335f517\COMCTL32.dll
0x00007ff82c570000 - 0x00007ff82c619000 	C:\Windows\System32\msvcrt.dll
0x00007ff82d960000 - 0x00007ff82d990000 	C:\Windows\System32\IMM32.DLL
0x00007ff804620000 - 0x00007ff80462c000 	D:\sts-4.28.1.RELEASE\sts-4.28.1.RELEASE\plugins\org.eclipse.justj.openjdk.hotspot.jre.full.win32.x86_64_21.0.6.v20250130-0529\jre\bin\vcruntime140_1.dll
0x00007fffd3080000 - 0x00007fffd310d000 	D:\sts-4.28.1.RELEASE\sts-4.28.1.RELEASE\plugins\org.eclipse.justj.openjdk.hotspot.jre.full.win32.x86_64_21.0.6.v20250130-0529\jre\bin\msvcp140.dll
0x00007fffcb5a0000 - 0x00007fffcc330000 	D:\sts-4.28.1.RELEASE\sts-4.28.1.RELEASE\plugins\org.eclipse.justj.openjdk.hotspot.jre.full.win32.x86_64_21.0.6.v20250130-0529\jre\bin\server\jvm.dll
0x00007ff82b870000 - 0x00007ff82b923000 	C:\Windows\System32\ADVAPI32.dll
0x00007ff82cba0000 - 0x00007ff82cc46000 	C:\Windows\System32\sechost.dll
0x00007ff82d840000 - 0x00007ff82d955000 	C:\Windows\System32\RPCRT4.dll
0x00007ff82d220000 - 0x00007ff82d294000 	C:\Windows\System32\WS2_32.dll
0x00007ff81cff0000 - 0x00007ff81d025000 	C:\Windows\SYSTEM32\WINMM.dll
0x00007ff824380000 - 0x00007ff82438b000 	C:\Windows\SYSTEM32\VERSION.dll
0x00007ff829770000 - 0x00007ff8297ce000 	C:\Windows\SYSTEM32\POWRPROF.dll
0x00007ff829750000 - 0x00007ff829764000 	C:\Windows\SYSTEM32\UMPDC.dll
0x00007ff829a10000 - 0x00007ff829a2b000 	C:\Windows\SYSTEM32\kernel.appcore.dll
0x00007ff819a30000 - 0x00007ff819a3a000 	D:\sts-4.28.1.RELEASE\sts-4.28.1.RELEASE\plugins\org.eclipse.justj.openjdk.hotspot.jre.full.win32.x86_64_21.0.6.v20250130-0529\jre\bin\jimage.dll
0x00007ff819b90000 - 0x00007ff819dd1000 	C:\Windows\SYSTEM32\DBGHELP.DLL
0x00007ff82cc50000 - 0x00007ff82cfd5000 	C:\Windows\System32\combase.dll
0x00007ff82d350000 - 0x00007ff82d431000 	C:\Windows\System32\OLEAUT32.dll
0x00007ff813670000 - 0x00007ff8136a9000 	C:\Windows\SYSTEM32\dbgcore.DLL
0x00007ff82ae00000 - 0x00007ff82ae99000 	C:\Windows\System32\bcryptPrimitives.dll
0x00007ff800fa0000 - 0x00007ff800fbf000 	D:\sts-4.28.1.RELEASE\sts-4.28.1.RELEASE\plugins\org.eclipse.justj.openjdk.hotspot.jre.full.win32.x86_64_21.0.6.v20250130-0529\jre\bin\java.dll

dbghelp: loaded successfully - version: 4.0.5 - missing functions: none
symbol engine: initialized successfully - sym options: 0x614 - pdb path: .;D:\sts-4.28.1.RELEASE\sts-4.28.1.RELEASE\plugins\org.eclipse.justj.openjdk.hotspot.jre.full.win32.x86_64_21.0.6.v20250130-0529\jre\bin;C:\Windows\SYSTEM32;C:\Windows\WinSxS\amd64_microsoft.windows.common-controls_6595b64144ccf1df_6.0.26100.4202_none_3e0698d4e335f517;D:\sts-4.28.1.RELEASE\sts-4.28.1.RELEASE\plugins\org.eclipse.justj.openjdk.hotspot.jre.full.win32.x86_64_21.0.6.v20250130-0529\jre\bin\server

VM Arguments:
jvm_args: -Dcom.sun.management.jmxremote -Dcom.sun.management.jmxremote.port=62612 -Dcom.sun.management.jmxremote.authenticate=false -Dcom.sun.management.jmxremote.ssl=false -Djava.rmi.server.hostname=localhost -Dspring.jmx.enabled=true -Dmanagement.endpoints.jmx.exposure.include=* -Dspring.application.admin.enabled=true -Dspring.output.ansi.enabled=always -XX:TieredStopAtLevel=1 -Dspring.boot.project.name=DoranDoran -Dfile.encoding=UTF-8 -Dstdout.encoding=UTF-8 -Dstderr.encoding=UTF-8 -XX:+ShowCodeDetailsInExceptionMessages 
java_command: kr.ac.kopo.dorandoran.DoranDoranApplication
java_class_path (initial): C:\repo\Dorandoran\DoranDoran\target\classes;C:\Users\Student\.m2\repository\org\springframework\boot\spring-boot-starter-security\3.4.6\spring-boot-starter-security-3.4.6.jar;C:\Users\Student\.m2\repository\org\springframework\boot\spring-boot-starter\3.4.6\spring-boot-starter-3.4.6.jar;C:\Users\Student\.m2\repository\org\springframework\boot\spring-boot-starter-logging\3.4.6\spring-boot-starter-logging-3.4.6.jar;C:\Users\Student\.m2\repository\ch\qos\logback\logback-classic\1.5.18\logback-classic-1.5.18.jar;C:\Users\Student\.m2\repository\ch\qos\logback\logback-core\1.5.18\logback-core-1.5.18.jar;C:\Users\Student\.m2\repository\org\apache\logging\log4j\log4j-to-slf4j\2.24.3\log4j-to-slf4j-2.24.3.jar;C:\Users\Student\.m2\repository\org\apache\logging\log4j\log4j-api\2.24.3\log4j-api-2.24.3.jar;C:\Users\Student\.m2\repository\org\slf4j\jul-to-slf4j\2.0.17\jul-to-slf4j-2.0.17.jar;C:\Users\Student\.m2\repository\jakarta\annotation\jakarta.annotation-api\2.1.1\jakarta.annotation-api-2.1.1.jar;C:\Users\Student\.m2\repository\org\yaml\snakeyaml\2.3\snakeyaml-2.3.jar;C:\Users\Student\.m2\repository\org\springframework\spring-aop\6.2.7\spring-aop-6.2.7.jar;C:\Users\Student\.m2\repository\org\springframework\spring-beans\6.2.7\spring-beans-6.2.7.jar;C:\Users\Student\.m2\repository\org\springframework\security\spring-security-config\6.4.6\spring-security-config-6.4.6.jar;C:\Users\Student\.m2\repository\org\springframework\spring-context\6.2.7\spring-context-6.2.7.jar;C:\Users\Student\.m2\repository\org\springframework\security\spring-security-web\6.4.6\spring-security-web-6.4.6.jar;C:\Users\Student\.m2\repository\org\springframework\spring-expression\6.2.7\spring-expression-6.2.7.jar;C:\Users\Student\.m2\repository\org\springframework\boot\spring-boot-starter-thymeleaf\3.4.6\spring-boot-starter-thymeleaf-3.4.6.jar;C:\Users\Student\.m2\repository\org\thymeleaf\thymeleaf-spring6\3.1.3.RELEASE\thymeleaf-spring6-3.1.3.RELEASE.jar;C:\Users\Student\.m2\repository\org\thymeleaf\thymeleaf\3.1.3.RELEASE\thymeleaf-3.1.3.RELEASE.jar;C:\Users\Student\.m2\repository\org\attoparser\attoparser\2.0.7.RELEASE\attoparser-2.0.7.RELEASE.jar;C:\Users\Student\.m2\repository\org\unbescape\unbescape\1.1.6.RELEASE\unbescape-1.1.6.RELEASE.jar;C:\Users\Student\.m2\repository\org\thymeleaf\extras\thymeleaf-extras-springsecurity6\3.1.3.RELEASE\thymeleaf-extras-springsecurity6-3.1.3.RELEASE.jar;C:\Users\Student\.m2\repository\org\slf4j\slf4j-api\2.0.17\slf4j-api-2.0.17.jar;C:\Users\Student\.m2\repository\org\springframework\boot\spring-boot-starter-web\3.4.6\spring-boot-starter-web-3.4.6.jar;C:\Users\Student\.m2\repository\org\springframework\boot\spring-boot-starter-json\3.4.6\spring-boot-starter-json-3.4.6.jar;C:\Users\Student\.m2\repository\com\fasterxml\jackson\core\jackson-databind\2.18.4\jackson-databind-2.18.4.jar;C:\Users\Student\.m2\repository\com\fasterxml\jackson\core\jackson-annotations\2.18.4\jackson-annotations-2.18.4.jar;C:\Users\Student\.m2\repository\com\fasterxml\jackson\core\jackson-core\2.18.4\jackson-core-2.18.4.jar;C:\Users\Student\.m2\repository\com\fasterxml\jackson\datatype\jackson-datatype-jdk8\2.18.4\jackson-datatype-jdk8-2.18.4.jar;C:\Users\Student\.m2\repository\com\fasterxml\jackson\datatype\jackson-datatype-jsr310\2.18.4\jackson-datatype-jsr310-2.18.4.jar;C:\Users\Student\.m2\repository\com\fasterxml\jackson\module\jackson-module-parameter-names\2.18.4\jackson-module-parameter-names-2.18.4.jar;C:\Users\Student\.m2\repository\org\springframework\boot\spring-boot-starter-tomcat\3.4.6\spring-boot-starter-tomcat-3.4.6.jar;C:\Users\Student\.m2\repository\org\apache\tomcat\embed\tomcat-embed-core\10.1.41\tomcat-embed-core-10.1.41.jar;C:\Users\Student\.m2\repository\org\apache\tomcat\embed\tomcat-embed-websocket\10.1.41\tomcat-embed-websocket-10.1.41.jar;C:\Users\Student\.m2\repository\org\springframework\spring-web\6.2.7\spring-web-6.2.7.jar;C:\Users\Student\.m2\repository\io\micrometer\micrometer-observation\1.14.7\micrometer-observation-1.14.7.jar;C:\Users\Student\.m2\repository\io\micrometer\micrometer-commons\1.14.7\micrometer-commons-1.14.7.jar;C:\Users\Student\.m2\repository\org\springframework\spring-webmvc\6.2.7\spring-webmvc-6.2.7.jar;C:\Users\Student\.m2\repository\org\mybatis\spring\boot\mybatis-spring-boot-starter\3.0.4\mybatis-spring-boot-starter-3.0.4.jar;C:\Users\Student\.m2\repository\org\springframework\boot\spring-boot-starter-jdbc\3.4.6\spring-boot-starter-jdbc-3.4.6.jar;C:\Users\Student\.m2\repository\com\zaxxer\HikariCP\5.1.0\HikariCP-5.1.0.jar;C:\Users\Student\.m2\repository\org\springframework\spring-jdbc\6.2.7\spring-jdbc-6.2.7.jar;C:\Users\Student\.m2\repository\org\mybatis\spring\boot\mybatis-spring-boot-autoconfigure\3.0.4\mybatis-spring-boot-autoconfigure-3.0.4.jar;C:\Users\Student\.m2\repository\org\mybatis\mybatis\3.5.17\mybatis-3.5.17.jar;C:\Users\Student\.m2\repository\org\mybatis\mybatis-spring\3.0.4\mybatis-spring-3.0.4.jar;C:\Users\Student\.m2\repository\org\springframework\boot\spring-boot-devtools\3.4.6\spring-boot-devtools-3.4.6.jar;C:\Users\Student\.m2\repository\org\springframework\boot\spring-boot\3.4.6\spring-boot-3.4.6.jar;C:\Users\Student\.m2\repository\org\springframework\boot\spring-boot-autoconfigure\3.4.6\spring-boot-autoconfigure-3.4.6.jar;C:\Users\Student\.m2\repository\com\oracle\database\jdbc\ojdbc11\23.5.0.24.07\ojdbc11-23.5.0.24.07.jar;C:\Users\Student\.m2\repository\org\springframework\spring-core\6.2.7\spring-core-6.2.7.jar;C:\Users\Student\.m2\repository\org\springframework\spring-jcl\6.2.7\spring-jcl-6.2.7.jar;C:\Users\Student\.m2\repository\org\springframework\spring-tx\6.2.7\spring-tx-6.2.7.jar;C:\Users\Student\.m2\repository\org\postgresql\postgresql\42.7.5\postgresql-42.7.5.jar;C:\Users\Student\.m2\repository\org\checkerframework\checker-qual\3.48.3\checker-qual-3.48.3.jar;C:\Users\Student\.m2\repository\org\springframework\security\spring-security-core\6.4.6\spring-security-core-6.4.6.jar;C:\Users\Student\.m2\repository\org\springframework\security\spring-security-crypto\6.4.6\spring-security-crypto-6.4.6.jar;C:\Users\Student\.m2\repository\org\springframework\boot\spring-boot-starter-websocket\3.4.6\spring-boot-starter-websocket-3.4.6.jar;C:\Users\Student\.m2\repository\org\springframework\spring-messaging\6.2.7\spring-messaging-6.2.7.jar;C:\Users\Student\.m2\repository\org\springframework\spring-websocket\6.2.7\spring-websocket-6.2.7.jar;C:\Users\Student\.m2\repository\org\json\json\20250517\json-20250517.jar;C:\Users\Student\.m2\repository\org\projectlombok\lombok\1.18.38\lombok-1.18.38.jar;C:\Users\Student\.m2\repository\org\springframework\boot\spring-boot-starter-validation\3.4.6\spring-boot-starter-validation-3.4.6.jar;C:\Users\Student\.m2\repository\org\apache\tomcat\embed\tomcat-embed-el\10.1.41\tomcat-embed-el-10.1.41.jar;C:\Users\Student\.m2\repository\org\hibernate\validator\hibernate-validator\8.0.2.Final\hibernate-validator-8.0.2.Final.jar;C:\Users\Student\.m2\repository\jakarta\validation\jakarta.validation-api\3.0.2\jakarta.validation-api-3.0.2.jar;C:\Users\Student\.m2\repository\org\jboss\logging\jboss-logging\3.6.1.Final\jboss-logging-3.6.1.Final.jar;C:\Users\Student\.m2\repository\com\fasterxml\classmate\1.7.0\classmate-1.7.0.jar;C:\Users\Student\.m2\repository\org\springframework\boot\spring-boot-starter-mustache\3.4.6\spring-boot-starter-mustache-3.4.6.jar;C:\Users\Student\.m2\repository\com\samskivert\jmustache\1.16\jmustache-1.16.jar;C:\Users\Student\.m2\repository\software\amazon\awssdk\s3\2.25.4\s3-2.25.4.jar;C:\Users\Student\.m2\repository\software\amazon\awssdk\aws-xml-protocol\2.25.4\aws-xml-protocol-2.25.4.jar;C:\Users\Student\.m2\repository\software\amazon\awssdk\aws-query-protocol\2.25.4\aws-query-protocol-2.25.4.jar;C:\Users\Student\.m2\repository\software\amazon\awssdk\protocol-core\2.25.4\protocol-core-2.25.4.jar;C:\Users\Student\.m2\repository\software\amazon\awssdk\arns\2.25.4\arns-2.25.4.jar;C:\Users\Student\.m2\repository\software\amazon\awssdk\profiles\2.25.4\profiles-2.25.4.jar;C:\Users\Student\.m2\repository\software\amazon\awssdk\crt-core\2.25.4\crt-core-2.25.4.jar;C:\Users\Student\.m2\repository\software\amazon\awssdk\http-auth\2.25.4\http-auth-2.25.4.jar;C:\Users\Student\.m2\repository\software\amazon\awssdk\identity-spi\2.25.4\identity-spi-2.25.4.jar;C:\Users\Student\.m2\repository\software\amazon\awssdk\http-auth-spi\2.25.4\http-auth-spi-2.25.4.jar;C:\Users\Student\.m2\repository\org\reactivestreams\reactive-streams\1.0.4\reactive-streams-1.0.4.jar;C:\Users\Student\.m2\repository\software\amazon\awssdk\http-auth-aws\2.25.4\http-auth-aws-2.25.4.jar;C:\Users\Student\.m2\repository\software\amazon\awssdk\checksums\2.25.4\checksums-2.25.4.jar;C:\Users\Student\.m2\repository\software\amazon\awssdk\checksums-spi\2.25.4\checksums-spi-2.25.4.jar;C:\Users\Student\.m2\repository\software\amazon\awssdk\sdk-core\2.25.4\sdk-core-2.25.4.jar;C:\Users\Student\.m2\repository\software\amazon\awssdk\auth\2.25.4\auth-2.25.4.jar;C:\Users\Student\.m2\repository\software\amazon\eventstream\eventstream\1.0.1\eventstream-1.0.1.jar;C:\Users\Student\.m2\repository\software\amazon\awssdk\http-client-spi\2.25.4\http-client-spi-2.25.4.jar;C:\Users\Student\.m2\repository\software\amazon\awssdk\regions\2.25.4\regions-2.25.4.jar;C:\Users\Student\.m2\repository\software\amazon\awssdk\annotations\2.25.4\annotations-2.25.4.jar;C:\Users\Student\.m2\repository\software\amazon\awssdk\utils\2.25.4\utils-2.25.4.jar;C:\Users\Student\.m2\repository\software\amazon\awssdk\aws-core\2.25.4\aws-core-2.25.4.jar;C:\Users\Student\.m2\repository\software\amazon\awssdk\metrics-spi\2.25.4\metrics-spi-2.25.4.jar;C:\Users\Student\.m2\repository\software\amazon\awssdk\json-utils\2.25.4\json-utils-2.25.4.jar;C:\Users\Student\.m2\repository\software\amazon\awssdk\third-party-jackson-core\2.25.4\third-party-jackson-core-2.25.4.jar;C:\Users\Student\.m2\repository\software\amazon\awssdk\endpoints-spi\2.25.4\endpoints-spi-2.25.4.jar;C:\Users\Student\.m2\repository\software\amazon\awssdk\apache-client\2.25.4\apache-client-2.25.4.jar;C:\Users\Student\.m2\repository\org\apache\httpcomponents\httpclient\4.5.13\httpclient-4.5.13.jar;C:\Users\Student\.m2\repository\commons-logging\commons-logging\1.2\commons-logging-1.2.jar;C:\Users\Student\.m2\repository\org\apache\httpcomponents\httpcore\4.4.16\httpcore-4.4.16.jar;C:\Users\Student\.m2\repository\commons-codec\commons-codec\1.17.2\commons-codec-1.17.2.jar;C:\Users\Student\.m2\repository\software\amazon\awssdk\netty-nio-client\2.25.4\netty-nio-client-2.25.4.jar;C:\Users\Student\.m2\repository\io\netty\netty-codec-http\4.1.121.Final\netty-codec-http-4.1.121.Final.jar;C:\Users\Student\.m2\repository\io\netty\netty-codec-http2\4.1.121.Final\netty-codec-http2-4.1.121.Final.jar;C:\Users\Student\.m2\repository\io\netty\netty-codec\4.1.121.Final\netty-codec-4.1.121.Final.jar;C:\Users\Student\.m2\repository\io\netty\netty-transport\4.1.121.Final\netty-transport-4.1.121.Final.jar;C:\Users\Student\.m2\repository\io\netty\netty-common\4.1.121.Final\netty-common-4.1.121.Final.jar;C:\Users\Student\.m2\repository\io\netty\netty-buffer\4.1.121.Final\netty-buffer-4.1.121.Final.jar;C:\Users\Student\.m2\repository\io\netty\netty-handler\4.1.121.Final\netty-handler-4.1.121.Final.jar;C:\Users\Student\.m2\repository\io\netty\netty-transport-native-unix-common\4.1.121.Final\netty-transport-native-unix-common-4.1.121.Final.jar;C:\Users\Student\.m2\repository\io\netty\netty-transport-classes-epoll\4.1.121.Final\netty-transport-classes-epoll-4.1.121.Final.jar;C:\Users\Student\.m2\repository\io\netty\netty-resolver\4.1.121.Final\netty-resolver-4.1.121.Final.jar;C:\Users\Student\.m2\repository\org\springframework\boot\spring-boot-starter-cache\3.4.6\spring-boot-starter-cache-3.4.6.jar;C:\Users\Student\.m2\repository\org\springframework\spring-context-support\6.2.7\spring-context-support-6.2.7.jar;C:\Users\Student\.m2\repository\com\github\ben-manes\caffeine\caffeine\3.1.8\caffeine-3.1.8.jar;C:\Users\Student\.m2\repository\com\google\errorprone\error_prone_annotations\2.21.1\error_prone_annotations-2.21.1.jar
Launcher Type: SUN_STANDARD

[Global flags]
     intx CICompilerCount                          = 12                                        {product} {ergonomic}
     uint ConcGCThreads                            = 4                                         {product} {ergonomic}
     uint G1ConcRefinementThreads                  = 15                                        {product} {ergonomic}
   size_t G1HeapRegionSize                         = 2097152                                   {product} {ergonomic}
    uintx GCDrainStackTargetSize                   = 64                                        {product} {ergonomic}
   size_t InitialHeapSize                          = 264241152                                 {product} {ergonomic}
     bool ManagementServer                         = true                                      {product} {command line}
   size_t MarkStackSize                            = 4194304                                   {product} {ergonomic}
   size_t MaxHeapSize                              = 4227858432                                {product} {ergonomic}
   size_t MinHeapDeltaBytes                        = 2097152                                   {product} {ergonomic}
   size_t MinHeapSize                              = 8388608                                   {product} {ergonomic}
    uintx NonNMethodCodeHeapSize                   = 4096                                   {pd product} {ergonomic}
    uintx NonProfiledCodeHeapSize                  = 0                                      {pd product} {ergonomic}
     bool ProfileInterpreter                       = false                                  {pd product} {command line}
    uintx ProfiledCodeHeapSize                     = 0                                      {pd product} {ergonomic}
     bool ShowCodeDetailsInExceptionMessages       = true                                   {manageable} {command line}
   size_t SoftMaxHeapSize                          = 4227858432                             {manageable} {ergonomic}
     intx TieredStopAtLevel                        = 1                                         {product} {command line}
     bool UseCompressedOops                        = true                           {product lp64_product} {ergonomic}
     bool UseG1GC                                  = true                                      {product} {ergonomic}
     bool UseLargePagesIndividualAllocation        = false                                  {pd product} {ergonomic}

Logging:
Log output configuration:
 #0: stdout all=warning uptime,level,tags foldmultilines=false
 #1: stderr all=off uptime,level,tags foldmultilines=false

Environment Variables:
PATH=D:/sts-4.28.1.RELEASE/sts-4.28.1.RELEASE//plugins/org.eclipse.justj.openjdk.hotspot.jre.full.win32.x86_64_21.0.6.v20250130-0529/jre/bin/server;D:/sts-4.28.1.RELEASE/sts-4.28.1.RELEASE//plugins/org.eclipse.justj.openjdk.hotspot.jre.full.win32.x86_64_21.0.6.v20250130-0529/jre/bin;C:\oraclexe\app\oracle\product\11.2.0\server\bin;C:\Program Files\Common Files\Oracle\Java\javapath;C:\Windows\system32;C:\Windows;C:\Windows\System32\Wbem;C:\Windows\System32\WindowsPowerShell\v1.0\;C:\Windows\System32\OpenSSH\;C:\Program Files (x86)\NVIDIA Corporation\PhysX\Common;C:\Windows\system32;C:\Windows;C:\Windows\System32\Wbem;C:\Windows\System32\WindowsPowerShell\v1.0\;C:\Windows\System32\OpenSSH\;C:\Program Files (x86)\Windows Kits\10\Windows Performance Toolkit\;C:\Program Files\Git\cmd;C:\Program Files (x86)\Bitvise SSH Client;C:\Python\Scripts\;C:\Python\;C:\Users\Student\AppData\Local\Microsoft\WindowsApps;C:\Users\Student\AppData\Local\Programs\Microsoft VS Code\bin;C:\Users\Student\AppData\Local\GitHubDesktop\bin;D:\sts-4.28.1.RELEASE\sts-4.28.1.RELEASE;
USERNAME=Student
OS=Windows_NT
PROCESSOR_IDENTIFIER=Intel64 Family 6 Model 151 Stepping 2, GenuineIntel
TMP=C:\Users\Student\AppData\Local\Temp
TEMP=C:\Users\Student\AppData\Local\Temp




Periodic native trim disabled

---------------  S Y S T E M  ---------------

OS:
 Windows 11 , 64 bit Build 26100 (10.0.26100.4202)
OS uptime: 11 days 0:55 hours

CPU: total 20 (initial active 20) (10 cores per cpu, 2 threads per core) family 6 model 151 stepping 2 microcode 0x2c, cx8, cmov, fxsr, ht, mmx, 3dnowpref, sse, sse2, sse3, ssse3, sse4.1, sse4.2, popcnt, lzcnt, tsc, tscinvbit, avx, avx2, aes, erms, clmul, bmi1, bmi2, adx, sha, fma, vzeroupper, clflush, clflushopt, clwb, serialize, rdtscp, rdpid, fsrm, f16c, pku, cet_ibt, cet_ss
Processor Information for the first 20 processors :
  Max Mhz: 2100, Current Mhz: 2100, Mhz Limit: 2100

Memory: 4k page, system-wide physical 16122M (3736M free)
TotalPageFile size 65274M (AvailPageFile size 205M)
current process WorkingSet (physical memory assigned to process): 13M, peak: 13M
current process commit charge ("private bytes"): 70M, peak: 322M

vm_info: OpenJDK 64-Bit Server VM (21.0.6+7-LTS) for windows-amd64 JRE (21.0.6+7-LTS), built on 2025-01-21T00:00:00Z by "admin" with MS VC++ 17.7 (VS2022)

END.
